{
  "RSpec": {
    "coverage": {
      "/Users/apprentice/Desktop/sneak-on-the-low/spec/models/answer_spec.rb": [
        1,
        null,
        1,
        1,
        null
      ],
      "/Users/apprentice/Desktop/sneak-on-the-low/app/models/answer.rb": [
        1,
        1,
        1,
        1,
        1,
        null,
        1,
        null
      ],
      "/Users/apprentice/Desktop/sneak-on-the-low/spec/models/comment_spec.rb": [
        1,
        null,
        1,
        1,
        null
      ],
      "/Users/apprentice/Desktop/sneak-on-the-low/app/models/comment.rb": [
        1,
        1,
        1,
        null,
        1,
        null,
        null
      ],
      "/Users/apprentice/Desktop/sneak-on-the-low/spec/models/question_spec.rb": [
        1,
        null,
        1,
        1,
        null
      ],
      "/Users/apprentice/Desktop/sneak-on-the-low/app/models/question.rb": [
        1,
        1,
        1,
        1,
        1,
        1,
        1,
        null,
        1,
        null
      ],
      "/Users/apprentice/Desktop/sneak-on-the-low/spec/models/tag_spec.rb": [
        1,
        null,
        1,
        1,
        null
      ],
      "/Users/apprentice/Desktop/sneak-on-the-low/app/models/tag.rb": [
        1,
        1,
        1,
        null
      ],
      "/Users/apprentice/Desktop/sneak-on-the-low/spec/models/user_spec.rb": [
        1,
        null,
        1,
        1,
        2,
        2,
        2,
        2,
        2,
        null,
        null
      ],
      "/Users/apprentice/Desktop/sneak-on-the-low/app/models/user.rb": [
        1,
        1,
        1,
        1,
        1,
        1,
        1,
        1,
        1,
        1,
        null
      ],
      "/Users/apprentice/Desktop/sneak-on-the-low/spec/models/vote_spec.rb": [
        1,
        null,
        1,
        1,
        null
      ],
      "/Users/apprentice/Desktop/sneak-on-the-low/app/models/vote.rb": [
        1,
        1,
        1,
        null
      ],
      "/Users/apprentice/Desktop/sneak-on-the-low/app/controllers/questions_controller.rb": [
        1,
        null,
        1,
        1,
        null,
        null,
        null,
        1,
        0,
        null,
        null
      ],
      "/Users/apprentice/Desktop/sneak-on-the-low/app/controllers/application_controller.rb": [
        1,
        null,
        null,
        1,
        1,
        null,
        1,
        null
      ]
    },
    "timestamp": 1447435671
  }
}
