{
  "RSpec": {
    "coverage": {
      "/Users/nperri/sneak_on_the_low/app/models/answer.rb": [
        1,
        1,
        1,
        1,
        1,
        null,
        1,
        null
      ],
      "/Users/nperri/sneak_on_the_low/spec/models/comment_spec.rb": [
        1,
        null,
        1,
        1,
        null
      ],
      "/Users/nperri/sneak_on_the_low/app/models/comment.rb": [
        1,
        1,
        1,
        null,
        1,
        null,
        null
      ],
      "/Users/nperri/sneak_on_the_low/spec/models/question_spec.rb": [
        1,
        null,
        1,
        1,
        2,
        2,
        2,
        null,
        null,
        1,
        1,
        null,
        null
      ],
      "/Users/nperri/sneak_on_the_low/app/models/question.rb": [
        1,
        1,
        1,
        1,
        1,
        1,
        1,
        null,
        1,
        null
      ],
      "/Users/nperri/sneak_on_the_low/spec/models/tag_spec.rb": [
        1,
        null,
        1,
        1,
        null
      ],
      "/Users/nperri/sneak_on_the_low/app/models/tag.rb": [
        1,
        1,
        1,
        null
      ],
      "/Users/nperri/sneak_on_the_low/spec/models/user_spec.rb": [
        1,
        null,
        1,
        1,
        null
      ],
      "/Users/nperri/sneak_on_the_low/app/models/user.rb": [
        1,
        1,
        1,
        1,
        1,
        1,
        1,
        1,
        1,
        null
      ],
      "/Users/nperri/sneak_on_the_low/spec/models/vote_spec.rb": [
        1,
        null,
        1,
        1,
        null
      ],
      "/Users/nperri/sneak_on_the_low/app/models/vote.rb": [
        1,
        1,
        1,
        null
      ]
    },
    "timestamp": 1447434315
  }
}
